<?xml version="1.0" encoding="UTF-8" ?>
<testsuites disabled="0" errors="0" failures="0" tests="2" time="44.81">
 <testsuite name="Protractor Demo App" timestamp="2022-03-13T16:03:15" hostname="localhost" time="11.827" errors="0" tests="1" skipped="0" disabled="0" failures="0">
  <testcase classname="Protractor Demo App" name="should have a title" time="11.807" />
 </testsuite>
 <testsuite name="Protractor Demo App" timestamp="2022-03-13T16:03:27" hostname="localhost" time="32.983" errors="0" tests="1" skipped="0" disabled="0" failures="0">
  <testcase classname="Protractor Demo App" name=" Drag and drop demo" time="32.97" />
 </testsuite>
</testsuites>